[debug] [2019-12-05T07:02:05.199Z] ----------------------------------------------------------------------
[debug] [2019-12-05T07:02:05.203Z] Command:       /usr/local/Cellar/node/10.11.0/bin/node /usr/local/bin/firebase init
[debug] [2019-12-05T07:02:05.204Z] CLI Version:   7.9.0
[debug] [2019-12-05T07:02:05.204Z] Platform:      darwin
[debug] [2019-12-05T07:02:05.204Z] Node Version:  v10.11.0
[debug] [2019-12-05T07:02:05.205Z] Time:          Wed Dec 04 2019 23:02:05 GMT-0800 (Pacific Standard Time)
[debug] [2019-12-05T07:02:05.205Z] ----------------------------------------------------------------------
[debug] [2019-12-05T07:02:05.205Z] 
[debug] [2019-12-05T07:02:05.224Z] > command requires scopes: ["email","openid","https://www.googleapis.com/auth/cloudplatformprojects.readonly","https://www.googleapis.com/auth/firebase","https://www.googleapis.com/auth/cloud-platform"]
[debug] [2019-12-05T07:02:05.224Z] > authorizing via signed-in user
[info] 
     ######## #### ########  ######## ########     ###     ######  ########
     ##        ##  ##     ## ##       ##     ##  ##   ##  ##       ##
     ######    ##  ########  ######   ########  #########  ######  ######
     ##        ##  ##    ##  ##       ##     ## ##     ##       ## ##
     ##       #### ##     ## ######## ########  ##     ##  ######  ########

You're about to initialize a Firebase project in this directory:

  /Users/James/coding/react-calc

[debug] [2019-12-05T07:02:25.722Z] TypeError: Cannot read property 'setRawMode' of null
    at ReadStream.setRawMode (tty.js:66:16)
    at Interface._setRawMode (readline.js:251:16)
    at Interface.close (readline.js:376:10)
    at ReadStream.ontermend (readline.js:164:10)
    at ReadStream.emit (events.js:187:15)
    at ReadStream.EventEmitter.emit (domain.js:442:20)
    at endReadableNT (_stream_readable.js:1092:12)
    at process._tickCallback (internal/process/next_tick.js:63:19)
